<?xml version="1.0" encoding="UTF-8"?>
<testsuite xmlns:xsi="http://www.w3.org/2001/XMLSchema-instance" xsi:noNamespaceSchemaLocation="https://maven.apache.org/surefire/maven-surefire-plugin/xsd/surefire-test-report.xsd" name="CreateCourierTest" time="4.207" tests="4" errors="0" skipped="0" failures="0">
  <properties>
[...]
</properties>
  <testcase name="testErrorMessageForRequestWithDuplicateLogin" classname="CreateCourierTest" time="1.345"/>
  <testcase name="testErrorMessageForRequestWithoutPassword" classname="CreateCourierTest" time="0.937"/>
  <testcase name="testBodyInRandomAccountCreation" classname="CreateCourierTest" time="0.966"/>
  <testcase name="testErrorMessageForRequestWithoutLogin" classname="CreateCourierTest" time="0.949"/>
</testsuite>